<?xml version="1.0" encoding="UTF-8"?>
<testsuite xmlns:xsi="http://www.w3.org/2001/XMLSchema-instance" xsi:noNamespaceSchemaLocation="https://maven.apache.org/surefire/maven-surefire-plugin/xsd/surefire-test-report-3.0.xsd" version="3.0" name="com.example.StudentTest" time="0.086" tests="14" errors="0" skipped="0" failures="0">
  <properties>
[...]
</properties>
  <testcase name="testGetFullName" classname="com.example.StudentTest" time="0.011"/>
  <testcase name="testToString" classname="com.example.StudentTest" time="0.018"/>
  <testcase name="testValidEmail" classname="com.example.StudentTest" time="0.001"/>
  <testcase name="testConstructorAndGetters" classname="com.example.StudentTest" time="0.001"/>
  <testcase name="testMentionAssezBien" classname="com.example.StudentTest" time="0.001"/>
  <testcase name="testMentionBien" classname="com.example.StudentTest" time="0.002"/>
  <testcase name="testMentionAjourne" classname="com.example.StudentTest" time="0.003"/>
  <testcase name="testHasPassed" classname="com.example.StudentTest" time="0.002"/>
  <testcase name="testGetFormattedInfo" classname="com.example.StudentTest" time="0.016"/>
  <testcase name="testMentionPassable" classname="com.example.StudentTest" time="0.005"/>
  <testcase name="testMentionTresBien" classname="com.example.StudentTest" time="0.001"/>
  <testcase name="testInvalidEmail" classname="com.example.StudentTest" time="0.001"/>
  <testcase name="testSetters" classname="com.example.StudentTest" time="0.003"/>
  <testcase name="testIsAdult" classname="com.example.StudentTest" time="0.001"/>
</testsuite>